<?xml version="1.0" encoding="UTF-8"?>
<testsuite xmlns:xsi="http://www.w3.org/2001/XMLSchema-instance" xsi:noNamespaceSchemaLocation="https://maven.apache.org/surefire/maven-surefire-plugin/xsd/surefire-test-report.xsd" name="iHoover.core.AspiratorTest" time="0.011" tests="13" errors="0" skipped="0" failures="0">
  <properties>
    <property name="java.specification.version" value="17"/>
    <property name="sun.jnu.encoding" value="UTF-8"/>
    <property name="java.class.path" value="/Users/honoremhouekpe/Documents/LearningRoom/ihoover/target/test-classes:/Users/honoremhouekpe/Documents/LearningRoom/ihoover/target/classes:/Users/honoremhouekpe/.m2/repository/org/junit/jupiter/junit-jupiter-api/5.3.1/junit-jupiter-api-5.3.1.jar:/Users/honoremhouekpe/.m2/repository/org/apiguardian/apiguardian-api/1.0.0/apiguardian-api-1.0.0.jar:/Users/honoremhouekpe/.m2/repository/org/opentest4j/opentest4j/1.1.1/opentest4j-1.1.1.jar:/Users/honoremhouekpe/.m2/repository/org/junit/platform/junit-platform-commons/1.3.1/junit-platform-commons-1.3.1.jar:/Users/honoremhouekpe/.m2/repository/org/junit/jupiter/junit-jupiter-engine/5.3.1/junit-jupiter-engine-5.3.1.jar:/Users/honoremhouekpe/.m2/repository/org/junit/platform/junit-platform-engine/1.3.1/junit-platform-engine-1.3.1.jar:"/>
    <property name="java.vm.vendor" value="Homebrew"/>
    <property name="sun.arch.data.model" value="64"/>
    <property name="java.vendor.url" value="https://github.com/Homebrew/homebrew-core/issues"/>
    <property name="os.name" value="Mac OS X"/>
    <property name="java.vm.specification.version" value="17"/>
    <property name="sun.java.launcher" value="SUN_STANDARD"/>
    <property name="user.country" value="FR"/>
    <property name="sun.boot.library.path" value="/opt/homebrew/Cellar/openjdk/17.0.1_1/libexec/openjdk.jdk/Contents/Home/lib"/>
    <property name="sun.java.command" value="/Users/honoremhouekpe/Documents/LearningRoom/ihoover/target/surefire/surefirebooter13512021187165628913.jar /Users/honoremhouekpe/Documents/LearningRoom/ihoover/target/surefire 2022-04-02T12-21-02_202-jvmRun1 surefire12888855683790952074tmp surefire_012250278286518656127tmp"/>
    <property name="http.nonProxyHosts" value="local|*.local|169.254/16|*.169.254/16"/>
    <property name="jdk.debug" value="release"/>
    <property name="surefire.test.class.path" value="/Users/honoremhouekpe/Documents/LearningRoom/ihoover/target/test-classes:/Users/honoremhouekpe/Documents/LearningRoom/ihoover/target/classes:/Users/honoremhouekpe/.m2/repository/org/junit/jupiter/junit-jupiter-api/5.3.1/junit-jupiter-api-5.3.1.jar:/Users/honoremhouekpe/.m2/repository/org/apiguardian/apiguardian-api/1.0.0/apiguardian-api-1.0.0.jar:/Users/honoremhouekpe/.m2/repository/org/opentest4j/opentest4j/1.1.1/opentest4j-1.1.1.jar:/Users/honoremhouekpe/.m2/repository/org/junit/platform/junit-platform-commons/1.3.1/junit-platform-commons-1.3.1.jar:/Users/honoremhouekpe/.m2/repository/org/junit/jupiter/junit-jupiter-engine/5.3.1/junit-jupiter-engine-5.3.1.jar:/Users/honoremhouekpe/.m2/repository/org/junit/platform/junit-platform-engine/1.3.1/junit-platform-engine-1.3.1.jar:"/>
    <property name="sun.cpu.endian" value="little"/>
    <property name="user.home" value="/Users/honoremhouekpe"/>
    <property name="user.language" value="fr"/>
    <property name="java.specification.vendor" value="Oracle Corporation"/>
    <property name="java.version.date" value="2021-10-19"/>
    <property name="java.home" value="/opt/homebrew/Cellar/openjdk/17.0.1_1/libexec/openjdk.jdk/Contents/Home"/>
    <property name="file.separator" value="/"/>
    <property name="basedir" value="/Users/honoremhouekpe/Documents/LearningRoom/ihoover"/>
    <property name="java.vm.compressedOopsMode" value="Zero based"/>
    <property name="line.separator" value="&#10;"/>
    <property name="java.specification.name" value="Java Platform API Specification"/>
    <property name="java.vm.specification.vendor" value="Oracle Corporation"/>
    <property name="surefire.real.class.path" value="/Users/honoremhouekpe/Documents/LearningRoom/ihoover/target/surefire/surefirebooter13512021187165628913.jar"/>
    <property name="sun.management.compiler" value="HotSpot 64-Bit Tiered Compilers"/>
    <property name="ftp.nonProxyHosts" value="local|*.local|169.254/16|*.169.254/16"/>
    <property name="java.runtime.version" value="17.0.1+1"/>
    <property name="user.name" value="honoremhouekpe"/>
    <property name="path.separator" value=":"/>
    <property name="os.version" value="12.3"/>
    <property name="java.runtime.name" value="OpenJDK Runtime Environment"/>
    <property name="file.encoding" value="UTF-8"/>
    <property name="java.vm.name" value="OpenJDK 64-Bit Server VM"/>
    <property name="java.vendor.version" value="Homebrew"/>
    <property name="localRepository" value="/Users/honoremhouekpe/.m2/repository"/>
    <property name="java.vendor.url.bug" value="https://github.com/Homebrew/homebrew-core/issues"/>
    <property name="java.io.tmpdir" value="/var/folders/vg/1sc1d5ms5_3c9ghtj0gt4j4r0000gn/T/"/>
    <property name="java.version" value="17.0.1"/>
    <property name="user.dir" value="/Users/honoremhouekpe/Documents/LearningRoom/ihoover"/>
    <property name="os.arch" value="aarch64"/>
    <property name="java.vm.specification.name" value="Java Virtual Machine Specification"/>
    <property name="native.encoding" value="UTF-8"/>
    <property name="java.library.path" value="/Users/honoremhouekpe/Library/Java/Extensions:/Library/Java/Extensions:/Network/Library/Java/Extensions:/System/Library/Java/Extensions:/usr/lib/java:."/>
    <property name="java.vm.info" value="mixed mode, sharing"/>
    <property name="java.vendor" value="Homebrew"/>
    <property name="java.vm.version" value="17.0.1+1"/>
    <property name="sun.io.unicode.encoding" value="UnicodeBig"/>
    <property name="socksNonProxyHosts" value="local|*.local|169.254/16|*.169.254/16"/>
    <property name="java.class.version" value="61.0"/>
  </properties>
  <testcase name="moveAE" classname="iHoover.core.AspiratorTest" time="0.004"/>
  <testcase name="moveAN" classname="iHoover.core.AspiratorTest" time="0"/>
  <testcase name="moveAS" classname="iHoover.core.AspiratorTest" time="0"/>
  <testcase name="moveAW" classname="iHoover.core.AspiratorTest" time="0"/>
  <testcase name="move" classname="iHoover.core.AspiratorTest" time="0"/>
  <testcase name="testMoveDNE" classname="iHoover.core.AspiratorTest" time="0"/>
  <testcase name="moveDES" classname="iHoover.core.AspiratorTest" time="0"/>
  <testcase name="moveDSW" classname="iHoover.core.AspiratorTest" time="0.001"/>
  <testcase name="moveDWN" classname="iHoover.core.AspiratorTest" time="0"/>
  <testcase name="moveGEN" classname="iHoover.core.AspiratorTest" time="0"/>
  <testcase name="moveGNW" classname="iHoover.core.AspiratorTest" time="0.001"/>
  <testcase name="moveGSE" classname="iHoover.core.AspiratorTest" time="0"/>
  <testcase name="moveGWS" classname="iHoover.core.AspiratorTest" time="0"/>
</testsuite>